<?xml version="1.0" encoding="UTF-8"?>
<!--
  ~ Copyright (c) 2013 The Finnish Board of Education - Opetushallitus
  ~
  ~ This program is free software:  Licensed under the EUPL, Version 1.1 or - as
  ~ soon as they will be approved by the European Commission - subsequent versions
  ~ of the EUPL (the "Licence");
  ~
  ~ You may not use this work except in compliance with the Licence.
  ~ You may obtain a copy of the Licence at: http://www.osor.eu/eupl/
  ~
  ~ This program is distributed in the hope that it will be useful,
  ~ but WITHOUT ANY WARRANTY; without even the implied warranty of
  ~ MERCHANTABILITY or FITNESS FOR A PARTICULAR PURPOSE.  See the
  ~ European Union Public Licence for more details.
  -->

<beans xmlns="http://www.springframework.org/schema/beans"
       xmlns:xsi="http://www.w3.org/2001/XMLSchema-instance"
       xmlns:mockito="http://www.mockito.org/spring/mockito"
       xmlns:context="http://www.springframework.org/schema/context"
       xsi:schemaLocation="http://www.springframework.org/schema/beans http://www.springframework.org/schema/beans/spring-beans.xsd
       http://www.springframework.org/schema/context http://www.springframework.org/schema/context/spring-context.xsd
       http://www.mockito.org/spring/mockito http://www.mockito.org/spring/mockito.xsd"
       >

    <context:property-placeholder
            location="classpath:common.properties"
            ignore-resource-not-found="true"/>

    <bean class="fi.vm.sade.koulutusinformaatio.service.impl.metrics.RollingAverageLogger"/>
    <bean id="incrementalUpdateService" class="fi.vm.sade.koulutusinformaatio.service.impl.IncrementalUpdateServiceImpl" />
    <bean id="tarjontaRawService" class="fi.vm.sade.koulutusinformaatio.integrationtest.TarjontaRawServiceMock"/>
    <bean id="tarjontaRawServiceImpl" class="fi.vm.sade.koulutusinformaatio.service.impl.TarjontaRawServiceImpl"/>
    <bean id="tarjontaService" class="fi.vm.sade.koulutusinformaatio.service.impl.TarjontaServiceImpl"/>
    <bean id="koodistoService" class="fi.vm.sade.koulutusinformaatio.integrationtest.KoodistoServiceMock"/>
    <bean id="providerService" class="fi.vm.sade.koulutusinformaatio.integrationtest.ProviderServiceMock"/>
    <bean id="dataUpdateService" class="fi.vm.sade.koulutusinformaatio.service.impl.EducationIncrementalDataUpdateServiceImpl"/>
    <bean id="dataQueryService" class="fi.vm.sade.koulutusinformaatio.service.impl.EducationIncrementalDataQueryServiceImpl"/>
    <bean id="seoSnapshotService" class="fi.vm.sade.koulutusinformaatio.integrationtest.SEOSnapshotServiceMock"/>
    <bean class="fi.vm.sade.koulutusinformaatio.configuration.UrlConfiguration"/>
    <bean class="fi.vm.sade.koulutusinformaatio.configuration.HttpClient"/>

    <mockito:mock id="organisaatioRawService" class="fi.vm.sade.koulutusinformaatio.service.OrganisaatioRawService"/>
    <mockito:mock id="indexerService" class="fi.vm.sade.koulutusinformaatio.service.IndexerService"/>
    <mockito:mock id="parameterService" class="fi.vm.sade.koulutusinformaatio.service.ParameterService"/>
    <mockito:mock id="loHttpSolrServer" class="org.apache.solr.client.solrj.impl.HttpSolrServer"/>
    <mockito:mock id="loAliasSolrServer" class="org.apache.solr.client.solrj.impl.HttpSolrServer"/>
    <mockito:mock id="locationAliasSolrServer" class="org.apache.solr.client.solrj.impl.HttpSolrServer"/>
    <mockito:mock id="lopAliasSolrServer" class="org.apache.solr.client.solrj.impl.HttpSolrServer"/>
    <mockito:mock id="pictureDAO" class="fi.vm.sade.koulutusinformaatio.dao.PictureDAO"/>
    <mockito:mock id="dataStatusDAO" class="fi.vm.sade.koulutusinformaatio.dao.DataStatusDAO"/>
    <mockito:mock id="snapshotDAO" class="fi.vm.sade.koulutusinformaatio.dao.SnapshotDAO"/>

    <bean id="mongodFactory" class="de.flapdoodle.embed.mongo.tests.MongodForTestsFactory" destroy-method="shutdown"/>
    <bean id="mongo" class="com.mongodb.MongoClient" factory-bean="mongodFactory" factory-method="newMongo"/>

    <bean id="morphia" class="org.mongodb.morphia.Morphia" />

    <bean id="primaryDatastore" class="org.mongodb.morphia.DatastoreImpl">
        <constructor-arg>
            <ref bean="morphia"/>
        </constructor-arg>
        <constructor-arg>
            <ref bean="mongo"/>
        </constructor-arg>
        <constructor-arg value="${mongo.test-db.name}"/>
    </bean>

    <bean id="secondaryDatastore" class="fi.vm.sade.koulutusinformaatio.dao.SecondaryDatastoreImpl">
        <constructor-arg>
            <ref bean="morphia"/>
        </constructor-arg>
        <constructor-arg>
            <ref bean="mongo"/>
        </constructor-arg>
        <constructor-arg value="${mongo.test-db.name}"/>
    </bean>

    <bean id="applicationOptionDAO" class="fi.vm.sade.koulutusinformaatio.dao.ApplicationOptionDAO">
        <constructor-arg>
            <ref bean="primaryDatastore"/>
        </constructor-arg>
        <constructor-arg>
            <ref bean="secondaryDatastore"/>
        </constructor-arg>
    </bean>

    <bean id="learningOpportunityProviderDAO" class="fi.vm.sade.koulutusinformaatio.dao.LearningOpportunityProviderDAO">
        <constructor-arg>
            <ref bean="mongo"/>
        </constructor-arg>
        <constructor-arg>
            <ref bean="morphia"/>
        </constructor-arg>
        <constructor-arg value="${mongo.test-db.name}"/>
    </bean>

    <bean id="koulutusLOSDAO" class="fi.vm.sade.koulutusinformaatio.dao.KoulutusLOSDAO">
        <constructor-arg>
            <ref bean="primaryDatastore"/>
        </constructor-arg>
        <constructor-arg>
            <ref bean="secondaryDatastore"/>
        </constructor-arg>
    </bean>

    <bean id="adultVocationalLOSDAO" class="fi.vm.sade.koulutusinformaatio.dao.AdultVocationalLOSDAO">
        <constructor-arg>
            <ref bean="primaryDatastore"/>
        </constructor-arg>
        <constructor-arg>
            <ref bean="secondaryDatastore"/>
        </constructor-arg>
    </bean>

    <bean id="tutkintoLOSDAO" class="fi.vm.sade.koulutusinformaatio.dao.TutkintoLOSDAO">
        <constructor-arg>
            <ref bean="primaryDatastore"/>
        </constructor-arg>
        <constructor-arg>
            <ref bean="secondaryDatastore"/>
        </constructor-arg>
    </bean>

    <bean id="higherEducationLOSDAO" class="fi.vm.sade.koulutusinformaatio.dao.HigherEducationLOSDAO">
        <constructor-arg>
            <ref bean="mongo"/>
        </constructor-arg>
        <constructor-arg>
            <ref bean="morphia"/>
        </constructor-arg>
        <constructor-arg value="${mongo.test-db.name}"/>
    </bean>

    <bean id="modelMapper" class="org.modelmapper.ModelMapper"/>
    <bean id="testHelper" class="fi.vm.sade.koulutusinformaatio.integrationtest.TestHelper"/>
</beans>
